# HELP ovms_requests_success Number of successful requests to a model or a DAG.
# TYPE ovms_requests_success counter
ovms_requests_success{api="KServe",interface="REST",method="ModelReady",name="multiple_vehicle_recognition"} 0
ovms_requests_success{api="KServe",interface="REST",method="ModelInfer",name="multiple_vehicle_recognition",version="1"} 0
ovms_requests_success{api="KServe",interface="REST",method="ModelMetadata",name="multiple_vehicle_recognition",version="1"} 0
ovms_requests_success{api="KServe",interface="gRPC",method="ModelReady",name="multiple_vehicle_recognition"} 0
ovms_requests_success{api="KServe",interface="gRPC",method="ModelInfer",name="multiple_vehicle_recognition",version="1"} 0
ovms_requests_success{api="TensorFlowServing",interface="REST",method="GetModelMetadata",name="multiple_vehicle_recognition",version="1"} 0
ovms_requests_success{api="TensorFlowServing",interface="gRPC",method="GetModelStatus",name="multiple_vehicle_recognition"} 0
ovms_requests_success{api="TensorFlowServing",interface="gRPC",method="GetModelMetadata",name="multiple_vehicle_recognition",version="1"} 0
ovms_requests_success{api="TensorFlowServing",interface="gRPC",method="Predict",name="multiple_vehicle_recognition",version="1"} 4
ovms_requests_success{api="TensorFlowServing",interface="REST",method="GetModelStatus",name="dummy"} 0
ovms_requests_success{api="TensorFlowServing",interface="REST",method="GetModelStatus",name="multiple_vehicle_recognition"} 0
ovms_requests_success{api="TensorFlowServing",interface="REST",method="GetModelMetadata",name="resnet",version="1"} 0
ovms_requests_success{api="TensorFlowServing",interface="gRPC",method="Predict",name="vehicle_detection",version="1"} 4
ovms_requests_success{api="TensorFlowServing",interface="REST",method="GetModelMetadata",name="vehicle_attributes_recognition",version="1"} 0
ovms_requests_success{api="TensorFlowServing",interface="gRPC",method="GetModelStatus",name="dummy"} 0
ovms_requests_success{api="KServe",interface="REST",method="ModelInfer",name="vehicle_attributes_recognition",version="1"} 0
ovms_requests_success{api="TensorFlowServing",interface="gRPC",method="GetModelMetadata",name="vehicle_attributes_recognition",version="1"} 0
ovms_requests_success{api="KServe",interface="gRPC",method="ModelInfer",name="dummy",version="1"} 0
ovms_requests_success{api="KServe",interface="gRPC",method="ModelReady",name="dummy_demux"} 0
ovms_requests_success{api="TensorFlowServing",interface="REST",method="Predict",name="dummy",version="1"} 0
ovms_requests_success{api="KServe",interface="gRPC",method="ModelMetadata",name="vehicle_attributes_recognition",version="1"} 0
ovms_requests_success{api="KServe",interface="REST",method="ModelReady",name="vehicle_attributes_recognition"} 0
ovms_requests_success{api="KServe",interface="REST",method="ModelMetadata",name="vehicle_detection",version="1"} 0
ovms_requests_success{api="KServe",interface="gRPC",method="ModelMetadata",name="dummy",version="1"} 0
ovms_requests_success{api="TensorFlowServing",interface="REST",method="GetModelMetadata",name="dummy",version="1"} 0
ovms_requests_success{api="KServe",interface="gRPC",method="ModelInfer",name="vehicle_attributes_recognition",version="1"} 0
ovms_requests_success{api="TensorFlowServing",interface="REST",method="Predict",name="multiple_vehicle_recognition",version="1"} 0
ovms_requests_success{api="TensorFlowServing",interface="gRPC",method="GetModelMetadata",name="vehicle_detection",version="1"} 0
ovms_requests_success{api="TensorFlowServing",interface="gRPC",method="Predict",name="resnet",version="1"} 0
ovms_requests_success{api="TensorFlowServing",interface="gRPC",method="GetModelMetadata",name="dummy",version="1"} 0
ovms_requests_success{api="TensorFlowServing",interface="REST",method="GetModelStatus",name="resnet"} 0
ovms_requests_success{api="TensorFlowServing",interface="REST",method="Predict",name="vehicle_detection",version="1"} 0
ovms_requests_success{api="TensorFlowServing",interface="REST",method="GetModelMetadata",name="vehicle_detection",version="1"} 0
ovms_requests_success{api="KServe",interface="gRPC",method="ModelReady",name="vehicle_detection"} 0
ovms_requests_success{api="KServe",interface="gRPC",method="ModelReady",name="vehicle_attributes_recognition"} 0
ovms_requests_success{api="TensorFlowServing",interface="gRPC",method="Predict",name="dummy",version="1"} 0
ovms_requests_success{api="KServe",interface="gRPC",method="ModelMetadata",name="resnet",version="1"} 0
ovms_requests_success{api="TensorFlowServing",interface="REST",method="GetModelStatus",name="vehicle_attributes_recognition"} 0
ovms_requests_success{api="TensorFlowServing",interface="REST",method="GetModelStatus",name="vehicle_detection"} 0
ovms_requests_success{api="TensorFlowServing",interface="gRPC",method="GetModelStatus",name="vehicle_attributes_recognition"} 0
ovms_requests_success{api="TensorFlowServing",interface="REST",method="Predict",name="dummy_demux",version="1"} 0
ovms_requests_success{api="KServe",interface="REST",method="ModelReady",name="dummy_demux"} 0
ovms_requests_success{api="KServe",interface="gRPC",method="ModelMetadata",name="dummy_demux",version="1"} 0
ovms_requests_success{api="KServe",interface="gRPC",method="ModelMetadata",name="vehicle_detection",version="1"} 0
ovms_requests_success{api="KServe",interface="gRPC",method="ModelInfer",name="vehicle_detection",version="1"} 0
ovms_requests_success{api="KServe",interface="REST",method="ModelInfer",name="vehicle_detection",version="1"} 0
ovms_requests_success{api="TensorFlowServing",interface="REST",method="GetModelStatus",name="dummy_demux"} 0
ovms_requests_success{api="KServe",interface="REST",method="ModelMetadata",name="vehicle_attributes_recognition",version="1"} 0
ovms_requests_success{api="KServe",interface="REST",method="ModelReady",name="vehicle_detection"} 0
ovms_requests_success{api="TensorFlowServing",interface="REST",method="Predict",name="vehicle_attributes_recognition",version="1"} 0
ovms_requests_success{api="KServe",interface="gRPC",method="ModelReady",name="dummy"} 0
ovms_requests_success{api="KServe",interface="REST",method="ModelInfer",name="dummy",version="1"} 0
ovms_requests_success{api="KServe",interface="REST",method="ModelMetadata",name="dummy",version="1"} 0
ovms_requests_success{api="TensorFlowServing",interface="REST",method="GetModelMetadata",name="dummy_demux",version="1"} 0
ovms_requests_success{api="TensorFlowServing",interface="gRPC",method="GetModelStatus",name="resnet"} 0
ovms_requests_success{api="KServe",interface="gRPC",method="ModelInfer",name="dummy_demux",version="1"} 0
ovms_requests_success{api="KServe",interface="gRPC",method="ModelMetadata",name="multiple_vehicle_recognition",version="1"} 0
ovms_requests_success{api="KServe",interface="REST",method="ModelReady",name="dummy"} 0
ovms_requests_success{api="TensorFlowServing",interface="gRPC",method="GetModelMetadata",name="resnet",version="1"} 0
ovms_requests_success{api="TensorFlowServing",interface="gRPC",method="GetModelStatus",name="vehicle_detection"} 0
ovms_requests_success{api="TensorFlowServing",interface="REST",method="Predict",name="resnet",version="1"} 0
ovms_requests_success{api="TensorFlowServing",interface="gRPC",method="GetModelMetadata",name="dummy_demux",version="1"} 0
ovms_requests_success{api="KServe",interface="REST",method="ModelInfer",name="dummy_demux",version="1"} 0
ovms_requests_success{api="KServe",interface="gRPC",method="ModelInfer",name="resnet",version="1"} 0
ovms_requests_success{api="TensorFlowServing",interface="gRPC",method="Predict",name="vehicle_attributes_recognition",version="1"} 148
ovms_requests_success{api="KServe",interface="gRPC",method="ModelReady",name="resnet"} 0
ovms_requests_success{api="KServe",interface="REST",method="ModelInfer",name="resnet",version="1"} 0
ovms_requests_success{api="KServe",interface="REST",method="ModelMetadata",name="resnet",version="1"} 0
ovms_requests_success{api="KServe",interface="REST",method="ModelReady",name="resnet"} 0
ovms_requests_success{api="TensorFlowServing",interface="gRPC",method="Predict",name="dummy_demux",version="1"} 0
ovms_requests_success{api="TensorFlowServing",interface="gRPC",method="GetModelStatus",name="dummy_demux"} 0
ovms_requests_success{api="KServe",interface="REST",method="ModelMetadata",name="dummy_demux",version="1"} 0
# HELP ovms_requests_fail Number of failed requests to a model or a DAG.
# TYPE ovms_requests_fail counter
ovms_requests_fail{api="KServe",interface="REST",method="ModelReady",name="multiple_vehicle_recognition"} 0
ovms_requests_fail{api="KServe",interface="REST",method="ModelInfer",name="multiple_vehicle_recognition",version="1"} 0
ovms_requests_fail{api="KServe",interface="REST",method="ModelMetadata",name="multiple_vehicle_recognition",version="1"} 0
ovms_requests_fail{api="KServe",interface="gRPC",method="ModelReady",name="multiple_vehicle_recognition"} 0
ovms_requests_fail{api="KServe",interface="gRPC",method="ModelInfer",name="multiple_vehicle_recognition",version="1"} 0
ovms_requests_fail{api="TensorFlowServing",interface="REST",method="GetModelMetadata",name="multiple_vehicle_recognition",version="1"} 0
ovms_requests_fail{api="TensorFlowServing",interface="gRPC",method="GetModelStatus",name="multiple_vehicle_recognition"} 0
ovms_requests_fail{api="TensorFlowServing",interface="gRPC",method="GetModelMetadata",name="multiple_vehicle_recognition",version="1"} 0
ovms_requests_fail{api="TensorFlowServing",interface="gRPC",method="Predict",name="multiple_vehicle_recognition",version="1"} 0
ovms_requests_fail{api="TensorFlowServing",interface="REST",method="GetModelStatus",name="dummy"} 0
ovms_requests_fail{api="TensorFlowServing",interface="REST",method="GetModelStatus",name="multiple_vehicle_recognition"} 0
ovms_requests_fail{api="TensorFlowServing",interface="REST",method="GetModelMetadata",name="resnet",version="1"} 0
ovms_requests_fail{api="TensorFlowServing",interface="gRPC",method="Predict",name="vehicle_detection",version="1"} 0
ovms_requests_fail{api="TensorFlowServing",interface="REST",method="GetModelMetadata",name="vehicle_attributes_recognition",version="1"} 0
ovms_requests_fail{api="TensorFlowServing",interface="gRPC",method="GetModelStatus",name="dummy"} 0
ovms_requests_fail{api="KServe",interface="REST",method="ModelInfer",name="vehicle_attributes_recognition",version="1"} 0
ovms_requests_fail{api="TensorFlowServing",interface="gRPC",method="GetModelMetadata",name="vehicle_attributes_recognition",version="1"} 0
ovms_requests_fail{api="KServe",interface="gRPC",method="ModelInfer",name="dummy",version="1"} 0
ovms_requests_fail{api="KServe",interface="gRPC",method="ModelReady",name="dummy_demux"} 0
ovms_requests_fail{api="TensorFlowServing",interface="REST",method="Predict",name="dummy",version="1"} 0
ovms_requests_fail{api="KServe",interface="gRPC",method="ModelMetadata",name="vehicle_attributes_recognition",version="1"} 0
ovms_requests_fail{api="KServe",interface="REST",method="ModelReady",name="vehicle_attributes_recognition"} 0
ovms_requests_fail{api="KServe",interface="REST",method="ModelMetadata",name="vehicle_detection",version="1"} 0
ovms_requests_fail{api="KServe",interface="gRPC",method="ModelMetadata",name="dummy",version="1"} 0
ovms_requests_fail{api="TensorFlowServing",interface="REST",method="GetModelMetadata",name="dummy",version="1"} 0
ovms_requests_fail{api="KServe",interface="gRPC",method="ModelInfer",name="vehicle_attributes_recognition",version="1"} 0
ovms_requests_fail{api="TensorFlowServing",interface="REST",method="Predict",name="multiple_vehicle_recognition",version="1"} 0
ovms_requests_fail{api="TensorFlowServing",interface="gRPC",method="GetModelMetadata",name="vehicle_detection",version="1"} 0
ovms_requests_fail{api="TensorFlowServing",interface="gRPC",method="Predict",name="resnet",version="1"} 0
ovms_requests_fail{api="TensorFlowServing",interface="gRPC",method="GetModelMetadata",name="dummy",version="1"} 0
ovms_requests_fail{api="TensorFlowServing",interface="REST",method="GetModelStatus",name="resnet"} 0
ovms_requests_fail{api="TensorFlowServing",interface="REST",method="Predict",name="vehicle_detection",version="1"} 0
ovms_requests_fail{api="TensorFlowServing",interface="REST",method="GetModelMetadata",name="vehicle_detection",version="1"} 0
ovms_requests_fail{api="KServe",interface="gRPC",method="ModelReady",name="vehicle_detection"} 0
ovms_requests_fail{api="KServe",interface="gRPC",method="ModelReady",name="vehicle_attributes_recognition"} 0
ovms_requests_fail{api="TensorFlowServing",interface="gRPC",method="Predict",name="dummy",version="1"} 0
ovms_requests_fail{api="KServe",interface="gRPC",method="ModelMetadata",name="resnet",version="1"} 0
ovms_requests_fail{api="TensorFlowServing",interface="REST",method="GetModelStatus",name="vehicle_attributes_recognition"} 0
ovms_requests_fail{api="TensorFlowServing",interface="REST",method="GetModelStatus",name="vehicle_detection"} 0
ovms_requests_fail{api="TensorFlowServing",interface="gRPC",method="GetModelStatus",name="vehicle_attributes_recognition"} 0
ovms_requests_fail{api="TensorFlowServing",interface="REST",method="Predict",name="dummy_demux",version="1"} 0
ovms_requests_fail{api="KServe",interface="REST",method="ModelReady",name="dummy_demux"} 0
ovms_requests_fail{api="KServe",interface="gRPC",method="ModelMetadata",name="dummy_demux",version="1"} 0
ovms_requests_fail{api="KServe",interface="gRPC",method="ModelMetadata",name="vehicle_detection",version="1"} 0
ovms_requests_fail{api="KServe",interface="gRPC",method="ModelInfer",name="vehicle_detection",version="1"} 0
ovms_requests_fail{api="KServe",interface="REST",method="ModelInfer",name="vehicle_detection",version="1"} 0
ovms_requests_fail{api="TensorFlowServing",interface="REST",method="GetModelStatus",name="dummy_demux"} 0
ovms_requests_fail{api="KServe",interface="REST",method="ModelMetadata",name="vehicle_attributes_recognition",version="1"} 0
ovms_requests_fail{api="KServe",interface="REST",method="ModelReady",name="vehicle_detection"} 0
ovms_requests_fail{api="TensorFlowServing",interface="REST",method="Predict",name="vehicle_attributes_recognition",version="1"} 0
ovms_requests_fail{api="KServe",interface="gRPC",method="ModelReady",name="dummy"} 0
ovms_requests_fail{api="KServe",interface="REST",method="ModelInfer",name="dummy",version="1"} 0
ovms_requests_fail{api="KServe",interface="REST",method="ModelMetadata",name="dummy",version="1"} 0
ovms_requests_fail{api="TensorFlowServing",interface="REST",method="GetModelMetadata",name="dummy_demux",version="1"} 0
ovms_requests_fail{api="TensorFlowServing",interface="gRPC",method="GetModelStatus",name="resnet"} 0
ovms_requests_fail{api="KServe",interface="gRPC",method="ModelInfer",name="dummy_demux",version="1"} 0
ovms_requests_fail{api="KServe",interface="gRPC",method="ModelMetadata",name="multiple_vehicle_recognition",version="1"} 0
ovms_requests_fail{api="KServe",interface="REST",method="ModelReady",name="dummy"} 0
ovms_requests_fail{api="TensorFlowServing",interface="gRPC",method="GetModelMetadata",name="resnet",version="1"} 0
ovms_requests_fail{api="TensorFlowServing",interface="gRPC",method="GetModelStatus",name="vehicle_detection"} 0
ovms_requests_fail{api="TensorFlowServing",interface="REST",method="Predict",name="resnet",version="1"} 0
ovms_requests_fail{api="TensorFlowServing",interface="gRPC",method="GetModelMetadata",name="dummy_demux",version="1"} 0
ovms_requests_fail{api="KServe",interface="REST",method="ModelInfer",name="dummy_demux",version="1"} 0
ovms_requests_fail{api="KServe",interface="gRPC",method="ModelInfer",name="resnet",version="1"} 0
ovms_requests_fail{api="TensorFlowServing",interface="gRPC",method="Predict",name="vehicle_attributes_recognition",version="1"} 0
ovms_requests_fail{api="KServe",interface="gRPC",method="ModelReady",name="resnet"} 0
ovms_requests_fail{api="KServe",interface="REST",method="ModelInfer",name="resnet",version="1"} 0
ovms_requests_fail{api="KServe",interface="REST",method="ModelMetadata",name="resnet",version="1"} 0
ovms_requests_fail{api="KServe",interface="REST",method="ModelReady",name="resnet"} 0
ovms_requests_fail{api="TensorFlowServing",interface="gRPC",method="Predict",name="dummy_demux",version="1"} 0
ovms_requests_fail{api="TensorFlowServing",interface="gRPC",method="GetModelStatus",name="dummy_demux"} 0
ovms_requests_fail{api="KServe",interface="REST",method="ModelMetadata",name="dummy_demux",version="1"} 0
# HELP ovms_streams Number of OpenVINO execution streams.
# TYPE ovms_streams gauge
ovms_streams{name="resnet",version="1"} 2
ovms_streams{name="dummy",version="1"} 12
ovms_streams{name="vehicle_attributes_recognition",version="1"} 13
ovms_streams{name="vehicle_detection",version="1"} 12
# HELP ovms_infer_req_queue_size Inference request queue size (nireq).
# TYPE ovms_infer_req_queue_size gauge
ovms_infer_req_queue_size{name="resnet",version="1"} 2
ovms_infer_req_queue_size{name="dummy",version="1"} 12
ovms_infer_req_queue_size{name="vehicle_attributes_recognition",version="1"} 4
ovms_infer_req_queue_size{name="vehicle_detection",version="1"} 12
# HELP ovms_infer_req_active Number of currently consumed inference request from the processing queue.
# TYPE ovms_infer_req_active gauge
ovms_infer_req_active{name="resnet",version="1"} 0
ovms_infer_req_active{name="dummy",version="1"} 0
ovms_infer_req_active{name="vehicle_attributes_recognition",version="1"} 0
ovms_infer_req_active{name="vehicle_detection",version="1"} 0
# HELP ovms_current_requests Number of inference requests currently in process.
# TYPE ovms_current_requests gauge
ovms_current_requests{name="resnet",version="1"} 0
ovms_current_requests{name="dummy",version="1"} 0
ovms_current_requests{name="vehicle_attributes_recognition",version="1"} 0
ovms_current_requests{name="vehicle_detection",version="1"} 0
# HELP ovms_request_time_us Processing time of requests to a model or a DAG.
# TYPE ovms_request_time_us histogram
ovms_request_time_us_count{interface="REST",name="dummy_demux",version="1"} 0
ovms_request_time_us_sum{interface="REST",name="dummy_demux",version="1"} 0
ovms_request_time_us_bucket{interface="REST",name="dummy_demux",version="1",le="10"} 0
ovms_request_time_us_bucket{interface="REST",name="dummy_demux",version="1",le="18"} 0
ovms_request_time_us_bucket{interface="REST",name="dummy_demux",version="1",le="32"} 0
ovms_request_time_us_bucket{interface="REST",name="dummy_demux",version="1",le="58"} 0
ovms_request_time_us_bucket{interface="REST",name="dummy_demux",version="1",le="104"} 0
ovms_request_time_us_bucket{interface="REST",name="dummy_demux",version="1",le="188"} 0
ovms_request_time_us_bucket{interface="REST",name="dummy_demux",version="1",le="340"} 0
ovms_request_time_us_bucket{interface="REST",name="dummy_demux",version="1",le="612"} 0
ovms_request_time_us_bucket{interface="REST",name="dummy_demux",version="1",le="1101"} 0
ovms_request_time_us_bucket{interface="REST",name="dummy_demux",version="1",le="1983"} 0
ovms_request_time_us_bucket{interface="REST",name="dummy_demux",version="1",le="3570"} 0
ovms_request_time_us_bucket{interface="REST",name="dummy_demux",version="1",le="6426"} 0
ovms_request_time_us_bucket{interface="REST",name="dummy_demux",version="1",le="11568"} 0
ovms_request_time_us_bucket{interface="REST",name="dummy_demux",version="1",le="20822"} 0
ovms_request_time_us_bucket{interface="REST",name="dummy_demux",version="1",le="37481"} 0
ovms_request_time_us_bucket{interface="REST",name="dummy_demux",version="1",le="67466"} 0
ovms_request_time_us_bucket{interface="REST",name="dummy_demux",version="1",le="121439"} 0
ovms_request_time_us_bucket{interface="REST",name="dummy_demux",version="1",le="218591"} 0
ovms_request_time_us_bucket{interface="REST",name="dummy_demux",version="1",le="393464"} 0
ovms_request_time_us_bucket{interface="REST",name="dummy_demux",version="1",le="708235"} 0
ovms_request_time_us_bucket{interface="REST",name="dummy_demux",version="1",le="1274823"} 0
ovms_request_time_us_bucket{interface="REST",name="dummy_demux",version="1",le="2294682"} 0
ovms_request_time_us_bucket{interface="REST",name="dummy_demux",version="1",le="4130428"} 0
ovms_request_time_us_bucket{interface="REST",name="dummy_demux",version="1",le="7434771"} 0
ovms_request_time_us_bucket{interface="REST",name="dummy_demux",version="1",le="13382588"} 0
ovms_request_time_us_bucket{interface="REST",name="dummy_demux",version="1",le="24088659"} 0
ovms_request_time_us_bucket{interface="REST",name="dummy_demux",version="1",le="43359586"} 0
ovms_request_time_us_bucket{interface="REST",name="dummy_demux",version="1",le="78047255"} 0
ovms_request_time_us_bucket{interface="REST",name="dummy_demux",version="1",le="140485060"} 0
ovms_request_time_us_bucket{interface="REST",name="dummy_demux",version="1",le="252873108"} 0
ovms_request_time_us_bucket{interface="REST",name="dummy_demux",version="1",le="455171596"} 0
ovms_request_time_us_bucket{interface="REST",name="dummy_demux",version="1",le="819308872"} 0
ovms_request_time_us_bucket{interface="REST",name="dummy_demux",version="1",le="1474755971"} 0
ovms_request_time_us_bucket{interface="REST",name="dummy_demux",version="1",le="+Inf"} 0
ovms_request_time_us_count{interface="gRPC",name="dummy_demux",version="1"} 0
ovms_request_time_us_sum{interface="gRPC",name="dummy_demux",version="1"} 0
ovms_request_time_us_bucket{interface="gRPC",name="dummy_demux",version="1",le="10"} 0
ovms_request_time_us_bucket{interface="gRPC",name="dummy_demux",version="1",le="18"} 0
ovms_request_time_us_bucket{interface="gRPC",name="dummy_demux",version="1",le="32"} 0
ovms_request_time_us_bucket{interface="gRPC",name="dummy_demux",version="1",le="58"} 0
ovms_request_time_us_bucket{interface="gRPC",name="dummy_demux",version="1",le="104"} 0
ovms_request_time_us_bucket{interface="gRPC",name="dummy_demux",version="1",le="188"} 0
ovms_request_time_us_bucket{interface="gRPC",name="dummy_demux",version="1",le="340"} 0
ovms_request_time_us_bucket{interface="gRPC",name="dummy_demux",version="1",le="612"} 0
ovms_request_time_us_bucket{interface="gRPC",name="dummy_demux",version="1",le="1101"} 0
ovms_request_time_us_bucket{interface="gRPC",name="dummy_demux",version="1",le="1983"} 0
ovms_request_time_us_bucket{interface="gRPC",name="dummy_demux",version="1",le="3570"} 0
ovms_request_time_us_bucket{interface="gRPC",name="dummy_demux",version="1",le="6426"} 0
ovms_request_time_us_bucket{interface="gRPC",name="dummy_demux",version="1",le="11568"} 0
ovms_request_time_us_bucket{interface="gRPC",name="dummy_demux",version="1",le="20822"} 0
ovms_request_time_us_bucket{interface="gRPC",name="dummy_demux",version="1",le="37481"} 0
ovms_request_time_us_bucket{interface="gRPC",name="dummy_demux",version="1",le="67466"} 0
ovms_request_time_us_bucket{interface="gRPC",name="dummy_demux",version="1",le="121439"} 0
ovms_request_time_us_bucket{interface="gRPC",name="dummy_demux",version="1",le="218591"} 0
ovms_request_time_us_bucket{interface="gRPC",name="dummy_demux",version="1",le="393464"} 0
ovms_request_time_us_bucket{interface="gRPC",name="dummy_demux",version="1",le="708235"} 0
ovms_request_time_us_bucket{interface="gRPC",name="dummy_demux",version="1",le="1274823"} 0
ovms_request_time_us_bucket{interface="gRPC",name="dummy_demux",version="1",le="2294682"} 0
ovms_request_time_us_bucket{interface="gRPC",name="dummy_demux",version="1",le="4130428"} 0
ovms_request_time_us_bucket{interface="gRPC",name="dummy_demux",version="1",le="7434771"} 0
ovms_request_time_us_bucket{interface="gRPC",name="dummy_demux",version="1",le="13382588"} 0
ovms_request_time_us_bucket{interface="gRPC",name="dummy_demux",version="1",le="24088659"} 0
ovms_request_time_us_bucket{interface="gRPC",name="dummy_demux",version="1",le="43359586"} 0
ovms_request_time_us_bucket{interface="gRPC",name="dummy_demux",version="1",le="78047255"} 0
ovms_request_time_us_bucket{interface="gRPC",name="dummy_demux",version="1",le="140485060"} 0
ovms_request_time_us_bucket{interface="gRPC",name="dummy_demux",version="1",le="252873108"} 0
ovms_request_time_us_bucket{interface="gRPC",name="dummy_demux",version="1",le="455171596"} 0
ovms_request_time_us_bucket{interface="gRPC",name="dummy_demux",version="1",le="819308872"} 0
ovms_request_time_us_bucket{interface="gRPC",name="dummy_demux",version="1",le="1474755971"} 0
ovms_request_time_us_bucket{interface="gRPC",name="dummy_demux",version="1",le="+Inf"} 0
ovms_request_time_us_count{interface="REST",name="dummy",version="1"} 0
ovms_request_time_us_sum{interface="REST",name="dummy",version="1"} 0
ovms_request_time_us_bucket{interface="REST",name="dummy",version="1",le="10"} 0
ovms_request_time_us_bucket{interface="REST",name="dummy",version="1",le="18"} 0
ovms_request_time_us_bucket{interface="REST",name="dummy",version="1",le="32"} 0
ovms_request_time_us_bucket{interface="REST",name="dummy",version="1",le="58"} 0
ovms_request_time_us_bucket{interface="REST",name="dummy",version="1",le="104"} 0
ovms_request_time_us_bucket{interface="REST",name="dummy",version="1",le="188"} 0
ovms_request_time_us_bucket{interface="REST",name="dummy",version="1",le="340"} 0
ovms_request_time_us_bucket{interface="REST",name="dummy",version="1",le="612"} 0
ovms_request_time_us_bucket{interface="REST",name="dummy",version="1",le="1101"} 0
ovms_request_time_us_bucket{interface="REST",name="dummy",version="1",le="1983"} 0
ovms_request_time_us_bucket{interface="REST",name="dummy",version="1",le="3570"} 0
ovms_request_time_us_bucket{interface="REST",name="dummy",version="1",le="6426"} 0
ovms_request_time_us_bucket{interface="REST",name="dummy",version="1",le="11568"} 0
ovms_request_time_us_bucket{interface="REST",name="dummy",version="1",le="20822"} 0
ovms_request_time_us_bucket{interface="REST",name="dummy",version="1",le="37481"} 0
ovms_request_time_us_bucket{interface="REST",name="dummy",version="1",le="67466"} 0
ovms_request_time_us_bucket{interface="REST",name="dummy",version="1",le="121439"} 0
ovms_request_time_us_bucket{interface="REST",name="dummy",version="1",le="218591"} 0
ovms_request_time_us_bucket{interface="REST",name="dummy",version="1",le="393464"} 0
ovms_request_time_us_bucket{interface="REST",name="dummy",version="1",le="708235"} 0
ovms_request_time_us_bucket{interface="REST",name="dummy",version="1",le="1274823"} 0
ovms_request_time_us_bucket{interface="REST",name="dummy",version="1",le="2294682"} 0
ovms_request_time_us_bucket{interface="REST",name="dummy",version="1",le="4130428"} 0
ovms_request_time_us_bucket{interface="REST",name="dummy",version="1",le="7434771"} 0
ovms_request_time_us_bucket{interface="REST",name="dummy",version="1",le="13382588"} 0
ovms_request_time_us_bucket{interface="REST",name="dummy",version="1",le="24088659"} 0
ovms_request_time_us_bucket{interface="REST",name="dummy",version="1",le="43359586"} 0
ovms_request_time_us_bucket{interface="REST",name="dummy",version="1",le="78047255"} 0
ovms_request_time_us_bucket{interface="REST",name="dummy",version="1",le="140485060"} 0
ovms_request_time_us_bucket{interface="REST",name="dummy",version="1",le="252873108"} 0
ovms_request_time_us_bucket{interface="REST",name="dummy",version="1",le="455171596"} 0
ovms_request_time_us_bucket{interface="REST",name="dummy",version="1",le="819308872"} 0
ovms_request_time_us_bucket{interface="REST",name="dummy",version="1",le="1474755971"} 0
ovms_request_time_us_bucket{interface="REST",name="dummy",version="1",le="+Inf"} 0
ovms_request_time_us_count{interface="gRPC",name="dummy",version="1"} 0
ovms_request_time_us_sum{interface="gRPC",name="dummy",version="1"} 0
ovms_request_time_us_bucket{interface="gRPC",name="dummy",version="1",le="10"} 0
ovms_request_time_us_bucket{interface="gRPC",name="dummy",version="1",le="18"} 0
ovms_request_time_us_bucket{interface="gRPC",name="dummy",version="1",le="32"} 0
ovms_request_time_us_bucket{interface="gRPC",name="dummy",version="1",le="58"} 0
ovms_request_time_us_bucket{interface="gRPC",name="dummy",version="1",le="104"} 0
ovms_request_time_us_bucket{interface="gRPC",name="dummy",version="1",le="188"} 0
ovms_request_time_us_bucket{interface="gRPC",name="dummy",version="1",le="340"} 0
ovms_request_time_us_bucket{interface="gRPC",name="dummy",version="1",le="612"} 0
ovms_request_time_us_bucket{interface="gRPC",name="dummy",version="1",le="1101"} 0
ovms_request_time_us_bucket{interface="gRPC",name="dummy",version="1",le="1983"} 0
ovms_request_time_us_bucket{interface="gRPC",name="dummy",version="1",le="3570"} 0
ovms_request_time_us_bucket{interface="gRPC",name="dummy",version="1",le="6426"} 0
ovms_request_time_us_bucket{interface="gRPC",name="dummy",version="1",le="11568"} 0
ovms_request_time_us_bucket{interface="gRPC",name="dummy",version="1",le="20822"} 0
ovms_request_time_us_bucket{interface="gRPC",name="dummy",version="1",le="37481"} 0
ovms_request_time_us_bucket{interface="gRPC",name="dummy",version="1",le="67466"} 0
ovms_request_time_us_bucket{interface="gRPC",name="dummy",version="1",le="121439"} 0
ovms_request_time_us_bucket{interface="gRPC",name="dummy",version="1",le="218591"} 0
ovms_request_time_us_bucket{interface="gRPC",name="dummy",version="1",le="393464"} 0
ovms_request_time_us_bucket{interface="gRPC",name="dummy",version="1",le="708235"} 0
ovms_request_time_us_bucket{interface="gRPC",name="dummy",version="1",le="1274823"} 0
ovms_request_time_us_bucket{interface="gRPC",name="dummy",version="1",le="2294682"} 0
ovms_request_time_us_bucket{interface="gRPC",name="dummy",version="1",le="4130428"} 0
ovms_request_time_us_bucket{interface="gRPC",name="dummy",version="1",le="7434771"} 0
ovms_request_time_us_bucket{interface="gRPC",name="dummy",version="1",le="13382588"} 0
ovms_request_time_us_bucket{interface="gRPC",name="dummy",version="1",le="24088659"} 0
ovms_request_time_us_bucket{interface="gRPC",name="dummy",version="1",le="43359586"} 0
ovms_request_time_us_bucket{interface="gRPC",name="dummy",version="1",le="78047255"} 0
ovms_request_time_us_bucket{interface="gRPC",name="dummy",version="1",le="140485060"} 0
ovms_request_time_us_bucket{interface="gRPC",name="dummy",version="1",le="252873108"} 0
ovms_request_time_us_bucket{interface="gRPC",name="dummy",version="1",le="455171596"} 0
ovms_request_time_us_bucket{interface="gRPC",name="dummy",version="1",le="819308872"} 0
ovms_request_time_us_bucket{interface="gRPC",name="dummy",version="1",le="1474755971"} 0
ovms_request_time_us_bucket{interface="gRPC",name="dummy",version="1",le="+Inf"} 0
ovms_request_time_us_count{interface="REST",name="vehicle_attributes_recognition",version="1"} 0
ovms_request_time_us_sum{interface="REST",name="vehicle_attributes_recognition",version="1"} 0
ovms_request_time_us_bucket{interface="REST",name="vehicle_attributes_recognition",version="1",le="10"} 0
ovms_request_time_us_bucket{interface="REST",name="vehicle_attributes_recognition",version="1",le="18"} 0
ovms_request_time_us_bucket{interface="REST",name="vehicle_attributes_recognition",version="1",le="32"} 0
ovms_request_time_us_bucket{interface="REST",name="vehicle_attributes_recognition",version="1",le="58"} 0
ovms_request_time_us_bucket{interface="REST",name="vehicle_attributes_recognition",version="1",le="104"} 0
ovms_request_time_us_bucket{interface="REST",name="vehicle_attributes_recognition",version="1",le="188"} 0
ovms_request_time_us_bucket{interface="REST",name="vehicle_attributes_recognition",version="1",le="340"} 0
ovms_request_time_us_bucket{interface="REST",name="vehicle_attributes_recognition",version="1",le="612"} 0
ovms_request_time_us_bucket{interface="REST",name="vehicle_attributes_recognition",version="1",le="1101"} 0
ovms_request_time_us_bucket{interface="REST",name="vehicle_attributes_recognition",version="1",le="1983"} 0
ovms_request_time_us_bucket{interface="REST",name="vehicle_attributes_recognition",version="1",le="3570"} 0
ovms_request_time_us_bucket{interface="REST",name="vehicle_attributes_recognition",version="1",le="6426"} 0
ovms_request_time_us_bucket{interface="REST",name="vehicle_attributes_recognition",version="1",le="11568"} 0
ovms_request_time_us_bucket{interface="REST",name="vehicle_attributes_recognition",version="1",le="20822"} 0
ovms_request_time_us_bucket{interface="REST",name="vehicle_attributes_recognition",version="1",le="37481"} 0
ovms_request_time_us_bucket{interface="REST",name="vehicle_attributes_recognition",version="1",le="67466"} 0
ovms_request_time_us_bucket{interface="REST",name="vehicle_attributes_recognition",version="1",le="121439"} 0
ovms_request_time_us_bucket{interface="REST",name="vehicle_attributes_recognition",version="1",le="218591"} 0
ovms_request_time_us_bucket{interface="REST",name="vehicle_attributes_recognition",version="1",le="393464"} 0
ovms_request_time_us_bucket{interface="REST",name="vehicle_attributes_recognition",version="1",le="708235"} 0
ovms_request_time_us_bucket{interface="REST",name="vehicle_attributes_recognition",version="1",le="1274823"} 0
ovms_request_time_us_bucket{interface="REST",name="vehicle_attributes_recognition",version="1",le="2294682"} 0
ovms_request_time_us_bucket{interface="REST",name="vehicle_attributes_recognition",version="1",le="4130428"} 0
ovms_request_time_us_bucket{interface="REST",name="vehicle_attributes_recognition",version="1",le="7434771"} 0
ovms_request_time_us_bucket{interface="REST",name="vehicle_attributes_recognition",version="1",le="13382588"} 0
ovms_request_time_us_bucket{interface="REST",name="vehicle_attributes_recognition",version="1",le="24088659"} 0
ovms_request_time_us_bucket{interface="REST",name="vehicle_attributes_recognition",version="1",le="43359586"} 0
ovms_request_time_us_bucket{interface="REST",name="vehicle_attributes_recognition",version="1",le="78047255"} 0
ovms_request_time_us_bucket{interface="REST",name="vehicle_attributes_recognition",version="1",le="140485060"} 0
ovms_request_time_us_bucket{interface="REST",name="vehicle_attributes_recognition",version="1",le="252873108"} 0
ovms_request_time_us_bucket{interface="REST",name="vehicle_attributes_recognition",version="1",le="455171596"} 0
ovms_request_time_us_bucket{interface="REST",name="vehicle_attributes_recognition",version="1",le="819308872"} 0
ovms_request_time_us_bucket{interface="REST",name="vehicle_attributes_recognition",version="1",le="1474755971"} 0
ovms_request_time_us_bucket{interface="REST",name="vehicle_attributes_recognition",version="1",le="+Inf"} 0
ovms_request_time_us_count{interface="REST",name="multiple_vehicle_recognition",version="1"} 0
ovms_request_time_us_sum{interface="REST",name="multiple_vehicle_recognition",version="1"} 0
ovms_request_time_us_bucket{interface="REST",name="multiple_vehicle_recognition",version="1",le="10"} 0
ovms_request_time_us_bucket{interface="REST",name="multiple_vehicle_recognition",version="1",le="18"} 0
ovms_request_time_us_bucket{interface="REST",name="multiple_vehicle_recognition",version="1",le="32"} 0
ovms_request_time_us_bucket{interface="REST",name="multiple_vehicle_recognition",version="1",le="58"} 0
ovms_request_time_us_bucket{interface="REST",name="multiple_vehicle_recognition",version="1",le="104"} 0
ovms_request_time_us_bucket{interface="REST",name="multiple_vehicle_recognition",version="1",le="188"} 0
ovms_request_time_us_bucket{interface="REST",name="multiple_vehicle_recognition",version="1",le="340"} 0
ovms_request_time_us_bucket{interface="REST",name="multiple_vehicle_recognition",version="1",le="612"} 0
ovms_request_time_us_bucket{interface="REST",name="multiple_vehicle_recognition",version="1",le="1101"} 0
ovms_request_time_us_bucket{interface="REST",name="multiple_vehicle_recognition",version="1",le="1983"} 0
ovms_request_time_us_bucket{interface="REST",name="multiple_vehicle_recognition",version="1",le="3570"} 0
ovms_request_time_us_bucket{interface="REST",name="multiple_vehicle_recognition",version="1",le="6426"} 0
ovms_request_time_us_bucket{interface="REST",name="multiple_vehicle_recognition",version="1",le="11568"} 0
ovms_request_time_us_bucket{interface="REST",name="multiple_vehicle_recognition",version="1",le="20822"} 0
ovms_request_time_us_bucket{interface="REST",name="multiple_vehicle_recognition",version="1",le="37481"} 0
ovms_request_time_us_bucket{interface="REST",name="multiple_vehicle_recognition",version="1",le="67466"} 0
ovms_request_time_us_bucket{interface="REST",name="multiple_vehicle_recognition",version="1",le="121439"} 0
ovms_request_time_us_bucket{interface="REST",name="multiple_vehicle_recognition",version="1",le="218591"} 0
ovms_request_time_us_bucket{interface="REST",name="multiple_vehicle_recognition",version="1",le="393464"} 0
ovms_request_time_us_bucket{interface="REST",name="multiple_vehicle_recognition",version="1",le="708235"} 0
ovms_request_time_us_bucket{interface="REST",name="multiple_vehicle_recognition",version="1",le="1274823"} 0
ovms_request_time_us_bucket{interface="REST",name="multiple_vehicle_recognition",version="1",le="2294682"} 0
ovms_request_time_us_bucket{interface="REST",name="multiple_vehicle_recognition",version="1",le="4130428"} 0
ovms_request_time_us_bucket{interface="REST",name="multiple_vehicle_recognition",version="1",le="7434771"} 0
ovms_request_time_us_bucket{interface="REST",name="multiple_vehicle_recognition",version="1",le="13382588"} 0
ovms_request_time_us_bucket{interface="REST",name="multiple_vehicle_recognition",version="1",le="24088659"} 0
ovms_request_time_us_bucket{interface="REST",name="multiple_vehicle_recognition",version="1",le="43359586"} 0
ovms_request_time_us_bucket{interface="REST",name="multiple_vehicle_recognition",version="1",le="78047255"} 0
ovms_request_time_us_bucket{interface="REST",name="multiple_vehicle_recognition",version="1",le="140485060"} 0
ovms_request_time_us_bucket{interface="REST",name="multiple_vehicle_recognition",version="1",le="252873108"} 0
ovms_request_time_us_bucket{interface="REST",name="multiple_vehicle_recognition",version="1",le="455171596"} 0
ovms_request_time_us_bucket{interface="REST",name="multiple_vehicle_recognition",version="1",le="819308872"} 0
ovms_request_time_us_bucket{interface="REST",name="multiple_vehicle_recognition",version="1",le="1474755971"} 0
ovms_request_time_us_bucket{interface="REST",name="multiple_vehicle_recognition",version="1",le="+Inf"} 0
ovms_request_time_us_count{interface="gRPC",name="multiple_vehicle_recognition",version="1"} 4
ovms_request_time_us_sum{interface="gRPC",name="multiple_vehicle_recognition",version="1"} 389412
ovms_request_time_us_bucket{interface="gRPC",name="multiple_vehicle_recognition",version="1",le="10"} 0
ovms_request_time_us_bucket{interface="gRPC",name="multiple_vehicle_recognition",version="1",le="18"} 0
ovms_request_time_us_bucket{interface="gRPC",name="multiple_vehicle_recognition",version="1",le="32"} 0
ovms_request_time_us_bucket{interface="gRPC",name="multiple_vehicle_recognition",version="1",le="58"} 0
ovms_request_time_us_bucket{interface="gRPC",name="multiple_vehicle_recognition",version="1",le="104"} 0
ovms_request_time_us_bucket{interface="gRPC",name="multiple_vehicle_recognition",version="1",le="188"} 0
ovms_request_time_us_bucket{interface="gRPC",name="multiple_vehicle_recognition",version="1",le="340"} 0
ovms_request_time_us_bucket{interface="gRPC",name="multiple_vehicle_recognition",version="1",le="612"} 0
ovms_request_time_us_bucket{interface="gRPC",name="multiple_vehicle_recognition",version="1",le="1101"} 0
ovms_request_time_us_bucket{interface="gRPC",name="multiple_vehicle_recognition",version="1",le="1983"} 0
ovms_request_time_us_bucket{interface="gRPC",name="multiple_vehicle_recognition",version="1",le="3570"} 0
ovms_request_time_us_bucket{interface="gRPC",name="multiple_vehicle_recognition",version="1",le="6426"} 0
ovms_request_time_us_bucket{interface="gRPC",name="multiple_vehicle_recognition",version="1",le="11568"} 0
ovms_request_time_us_bucket{interface="gRPC",name="multiple_vehicle_recognition",version="1",le="20822"} 0
ovms_request_time_us_bucket{interface="gRPC",name="multiple_vehicle_recognition",version="1",le="37481"} 0
ovms_request_time_us_bucket{interface="gRPC",name="multiple_vehicle_recognition",version="1",le="67466"} 0
ovms_request_time_us_bucket{interface="gRPC",name="multiple_vehicle_recognition",version="1",le="121439"} 4
ovms_request_time_us_bucket{interface="gRPC",name="multiple_vehicle_recognition",version="1",le="218591"} 4
ovms_request_time_us_bucket{interface="gRPC",name="multiple_vehicle_recognition",version="1",le="393464"} 4
ovms_request_time_us_bucket{interface="gRPC",name="multiple_vehicle_recognition",version="1",le="708235"} 4
ovms_request_time_us_bucket{interface="gRPC",name="multiple_vehicle_recognition",version="1",le="1274823"} 4
ovms_request_time_us_bucket{interface="gRPC",name="multiple_vehicle_recognition",version="1",le="2294682"} 4
ovms_request_time_us_bucket{interface="gRPC",name="multiple_vehicle_recognition",version="1",le="4130428"} 4
ovms_request_time_us_bucket{interface="gRPC",name="multiple_vehicle_recognition",version="1",le="7434771"} 4
ovms_request_time_us_bucket{interface="gRPC",name="multiple_vehicle_recognition",version="1",le="13382588"} 4
ovms_request_time_us_bucket{interface="gRPC",name="multiple_vehicle_recognition",version="1",le="24088659"} 4
ovms_request_time_us_bucket{interface="gRPC",name="multiple_vehicle_recognition",version="1",le="43359586"} 4
ovms_request_time_us_bucket{interface="gRPC",name="multiple_vehicle_recognition",version="1",le="78047255"} 4
ovms_request_time_us_bucket{interface="gRPC",name="multiple_vehicle_recognition",version="1",le="140485060"} 4
ovms_request_time_us_bucket{interface="gRPC",name="multiple_vehicle_recognition",version="1",le="252873108"} 4
ovms_request_time_us_bucket{interface="gRPC",name="multiple_vehicle_recognition",version="1",le="455171596"} 4
ovms_request_time_us_bucket{interface="gRPC",name="multiple_vehicle_recognition",version="1",le="819308872"} 4
ovms_request_time_us_bucket{interface="gRPC",name="multiple_vehicle_recognition",version="1",le="1474755971"} 4
ovms_request_time_us_bucket{interface="gRPC",name="multiple_vehicle_recognition",version="1",le="+Inf"} 4
ovms_request_time_us_count{interface="REST",name="resnet",version="1"} 0
ovms_request_time_us_sum{interface="REST",name="resnet",version="1"} 0
ovms_request_time_us_bucket{interface="REST",name="resnet",version="1",le="10"} 0
ovms_request_time_us_bucket{interface="REST",name="resnet",version="1",le="18"} 0
ovms_request_time_us_bucket{interface="REST",name="resnet",version="1",le="32"} 0
ovms_request_time_us_bucket{interface="REST",name="resnet",version="1",le="58"} 0
ovms_request_time_us_bucket{interface="REST",name="resnet",version="1",le="104"} 0
ovms_request_time_us_bucket{interface="REST",name="resnet",version="1",le="188"} 0
ovms_request_time_us_bucket{interface="REST",name="resnet",version="1",le="340"} 0
ovms_request_time_us_bucket{interface="REST",name="resnet",version="1",le="612"} 0
ovms_request_time_us_bucket{interface="REST",name="resnet",version="1",le="1101"} 0
ovms_request_time_us_bucket{interface="REST",name="resnet",version="1",le="1983"} 0
ovms_request_time_us_bucket{interface="REST",name="resnet",version="1",le="3570"} 0
ovms_request_time_us_bucket{interface="REST",name="resnet",version="1",le="6426"} 0
ovms_request_time_us_bucket{interface="REST",name="resnet",version="1",le="11568"} 0
ovms_request_time_us_bucket{interface="REST",name="resnet",version="1",le="20822"} 0
ovms_request_time_us_bucket{interface="REST",name="resnet",version="1",le="37481"} 0
ovms_request_time_us_bucket{interface="REST",name="resnet",version="1",le="67466"} 0
ovms_request_time_us_bucket{interface="REST",name="resnet",version="1",le="121439"} 0
ovms_request_time_us_bucket{interface="REST",name="resnet",version="1",le="218591"} 0
ovms_request_time_us_bucket{interface="REST",name="resnet",version="1",le="393464"} 0
ovms_request_time_us_bucket{interface="REST",name="resnet",version="1",le="708235"} 0
ovms_request_time_us_bucket{interface="REST",name="resnet",version="1",le="1274823"} 0
ovms_request_time_us_bucket{interface="REST",name="resnet",version="1",le="2294682"} 0
ovms_request_time_us_bucket{interface="REST",name="resnet",version="1",le="4130428"} 0
ovms_request_time_us_bucket{interface="REST",name="resnet",version="1",le="7434771"} 0
ovms_request_time_us_bucket{interface="REST",name="resnet",version="1",le="13382588"} 0
ovms_request_time_us_bucket{interface="REST",name="resnet",version="1",le="24088659"} 0
ovms_request_time_us_bucket{interface="REST",name="resnet",version="1",le="43359586"} 0
ovms_request_time_us_bucket{interface="REST",name="resnet",version="1",le="78047255"} 0
ovms_request_time_us_bucket{interface="REST",name="resnet",version="1",le="140485060"} 0
ovms_request_time_us_bucket{interface="REST",name="resnet",version="1",le="252873108"} 0
ovms_request_time_us_bucket{interface="REST",name="resnet",version="1",le="455171596"} 0
ovms_request_time_us_bucket{interface="REST",name="resnet",version="1",le="819308872"} 0
ovms_request_time_us_bucket{interface="REST",name="resnet",version="1",le="1474755971"} 0
ovms_request_time_us_bucket{interface="REST",name="resnet",version="1",le="+Inf"} 0
ovms_request_time_us_count{interface="gRPC",name="vehicle_attributes_recognition",version="1"} 0
ovms_request_time_us_sum{interface="gRPC",name="vehicle_attributes_recognition",version="1"} 0
ovms_request_time_us_bucket{interface="gRPC",name="vehicle_attributes_recognition",version="1",le="10"} 0
ovms_request_time_us_bucket{interface="gRPC",name="vehicle_attributes_recognition",version="1",le="18"} 0
ovms_request_time_us_bucket{interface="gRPC",name="vehicle_attributes_recognition",version="1",le="32"} 0
ovms_request_time_us_bucket{interface="gRPC",name="vehicle_attributes_recognition",version="1",le="58"} 0
ovms_request_time_us_bucket{interface="gRPC",name="vehicle_attributes_recognition",version="1",le="104"} 0
ovms_request_time_us_bucket{interface="gRPC",name="vehicle_attributes_recognition",version="1",le="188"} 0
ovms_request_time_us_bucket{interface="gRPC",name="vehicle_attributes_recognition",version="1",le="340"} 0
ovms_request_time_us_bucket{interface="gRPC",name="vehicle_attributes_recognition",version="1",le="612"} 0
ovms_request_time_us_bucket{interface="gRPC",name="vehicle_attributes_recognition",version="1",le="1101"} 0
ovms_request_time_us_bucket{interface="gRPC",name="vehicle_attributes_recognition",version="1",le="1983"} 0
ovms_request_time_us_bucket{interface="gRPC",name="vehicle_attributes_recognition",version="1",le="3570"} 0
ovms_request_time_us_bucket{interface="gRPC",name="vehicle_attributes_recognition",version="1",le="6426"} 0
ovms_request_time_us_bucket{interface="gRPC",name="vehicle_attributes_recognition",version="1",le="11568"} 0
ovms_request_time_us_bucket{interface="gRPC",name="vehicle_attributes_recognition",version="1",le="20822"} 0
ovms_request_time_us_bucket{interface="gRPC",name="vehicle_attributes_recognition",version="1",le="37481"} 0
ovms_request_time_us_bucket{interface="gRPC",name="vehicle_attributes_recognition",version="1",le="67466"} 0
ovms_request_time_us_bucket{interface="gRPC",name="vehicle_attributes_recognition",version="1",le="121439"} 0
ovms_request_time_us_bucket{interface="gRPC",name="vehicle_attributes_recognition",version="1",le="218591"} 0
ovms_request_time_us_bucket{interface="gRPC",name="vehicle_attributes_recognition",version="1",le="393464"} 0
ovms_request_time_us_bucket{interface="gRPC",name="vehicle_attributes_recognition",version="1",le="708235"} 0
ovms_request_time_us_bucket{interface="gRPC",name="vehicle_attributes_recognition",version="1",le="1274823"} 0
ovms_request_time_us_bucket{interface="gRPC",name="vehicle_attributes_recognition",version="1",le="2294682"} 0
ovms_request_time_us_bucket{interface="gRPC",name="vehicle_attributes_recognition",version="1",le="4130428"} 0
ovms_request_time_us_bucket{interface="gRPC",name="vehicle_attributes_recognition",version="1",le="7434771"} 0
ovms_request_time_us_bucket{interface="gRPC",name="vehicle_attributes_recognition",version="1",le="13382588"} 0
ovms_request_time_us_bucket{interface="gRPC",name="vehicle_attributes_recognition",version="1",le="24088659"} 0
ovms_request_time_us_bucket{interface="gRPC",name="vehicle_attributes_recognition",version="1",le="43359586"} 0
ovms_request_time_us_bucket{interface="gRPC",name="vehicle_attributes_recognition",version="1",le="78047255"} 0
ovms_request_time_us_bucket{interface="gRPC",name="vehicle_attributes_recognition",version="1",le="140485060"} 0
ovms_request_time_us_bucket{interface="gRPC",name="vehicle_attributes_recognition",version="1",le="252873108"} 0
ovms_request_time_us_bucket{interface="gRPC",name="vehicle_attributes_recognition",version="1",le="455171596"} 0
ovms_request_time_us_bucket{interface="gRPC",name="vehicle_attributes_recognition",version="1",le="819308872"} 0
ovms_request_time_us_bucket{interface="gRPC",name="vehicle_attributes_recognition",version="1",le="1474755971"} 0
ovms_request_time_us_bucket{interface="gRPC",name="vehicle_attributes_recognition",version="1",le="+Inf"} 0
ovms_request_time_us_count{interface="REST",name="vehicle_detection",version="1"} 0
ovms_request_time_us_sum{interface="REST",name="vehicle_detection",version="1"} 0
ovms_request_time_us_bucket{interface="REST",name="vehicle_detection",version="1",le="10"} 0
ovms_request_time_us_bucket{interface="REST",name="vehicle_detection",version="1",le="18"} 0
ovms_request_time_us_bucket{interface="REST",name="vehicle_detection",version="1",le="32"} 0
ovms_request_time_us_bucket{interface="REST",name="vehicle_detection",version="1",le="58"} 0
ovms_request_time_us_bucket{interface="REST",name="vehicle_detection",version="1",le="104"} 0
ovms_request_time_us_bucket{interface="REST",name="vehicle_detection",version="1",le="188"} 0
ovms_request_time_us_bucket{interface="REST",name="vehicle_detection",version="1",le="340"} 0
ovms_request_time_us_bucket{interface="REST",name="vehicle_detection",version="1",le="612"} 0
ovms_request_time_us_bucket{interface="REST",name="vehicle_detection",version="1",le="1101"} 0
ovms_request_time_us_bucket{interface="REST",name="vehicle_detection",version="1",le="1983"} 0
ovms_request_time_us_bucket{interface="REST",name="vehicle_detection",version="1",le="3570"} 0
ovms_request_time_us_bucket{interface="REST",name="vehicle_detection",version="1",le="6426"} 0
ovms_request_time_us_bucket{interface="REST",name="vehicle_detection",version="1",le="11568"} 0
ovms_request_time_us_bucket{interface="REST",name="vehicle_detection",version="1",le="20822"} 0
ovms_request_time_us_bucket{interface="REST",name="vehicle_detection",version="1",le="37481"} 0
ovms_request_time_us_bucket{interface="REST",name="vehicle_detection",version="1",le="67466"} 0
ovms_request_time_us_bucket{interface="REST",name="vehicle_detection",version="1",le="121439"} 0
ovms_request_time_us_bucket{interface="REST",name="vehicle_detection",version="1",le="218591"} 0
ovms_request_time_us_bucket{interface="REST",name="vehicle_detection",version="1",le="393464"} 0
ovms_request_time_us_bucket{interface="REST",name="vehicle_detection",version="1",le="708235"} 0
ovms_request_time_us_bucket{interface="REST",name="vehicle_detection",version="1",le="1274823"} 0
ovms_request_time_us_bucket{interface="REST",name="vehicle_detection",version="1",le="2294682"} 0
ovms_request_time_us_bucket{interface="REST",name="vehicle_detection",version="1",le="4130428"} 0
ovms_request_time_us_bucket{interface="REST",name="vehicle_detection",version="1",le="7434771"} 0
ovms_request_time_us_bucket{interface="REST",name="vehicle_detection",version="1",le="13382588"} 0
ovms_request_time_us_bucket{interface="REST",name="vehicle_detection",version="1",le="24088659"} 0
ovms_request_time_us_bucket{interface="REST",name="vehicle_detection",version="1",le="43359586"} 0
ovms_request_time_us_bucket{interface="REST",name="vehicle_detection",version="1",le="78047255"} 0
ovms_request_time_us_bucket{interface="REST",name="vehicle_detection",version="1",le="140485060"} 0
ovms_request_time_us_bucket{interface="REST",name="vehicle_detection",version="1",le="252873108"} 0
ovms_request_time_us_bucket{interface="REST",name="vehicle_detection",version="1",le="455171596"} 0
ovms_request_time_us_bucket{interface="REST",name="vehicle_detection",version="1",le="819308872"} 0
ovms_request_time_us_bucket{interface="REST",name="vehicle_detection",version="1",le="1474755971"} 0
ovms_request_time_us_bucket{interface="REST",name="vehicle_detection",version="1",le="+Inf"} 0
ovms_request_time_us_count{interface="gRPC",name="resnet",version="1"} 0
ovms_request_time_us_sum{interface="gRPC",name="resnet",version="1"} 0
ovms_request_time_us_bucket{interface="gRPC",name="resnet",version="1",le="10"} 0
ovms_request_time_us_bucket{interface="gRPC",name="resnet",version="1",le="18"} 0
ovms_request_time_us_bucket{interface="gRPC",name="resnet",version="1",le="32"} 0
ovms_request_time_us_bucket{interface="gRPC",name="resnet",version="1",le="58"} 0
ovms_request_time_us_bucket{interface="gRPC",name="resnet",version="1",le="104"} 0
ovms_request_time_us_bucket{interface="gRPC",name="resnet",version="1",le="188"} 0
ovms_request_time_us_bucket{interface="gRPC",name="resnet",version="1",le="340"} 0
ovms_request_time_us_bucket{interface="gRPC",name="resnet",version="1",le="612"} 0
ovms_request_time_us_bucket{interface="gRPC",name="resnet",version="1",le="1101"} 0
ovms_request_time_us_bucket{interface="gRPC",name="resnet",version="1",le="1983"} 0
ovms_request_time_us_bucket{interface="gRPC",name="resnet",version="1",le="3570"} 0
ovms_request_time_us_bucket{interface="gRPC",name="resnet",version="1",le="6426"} 0
ovms_request_time_us_bucket{interface="gRPC",name="resnet",version="1",le="11568"} 0
ovms_request_time_us_bucket{interface="gRPC",name="resnet",version="1",le="20822"} 0
ovms_request_time_us_bucket{interface="gRPC",name="resnet",version="1",le="37481"} 0
ovms_request_time_us_bucket{interface="gRPC",name="resnet",version="1",le="67466"} 0
ovms_request_time_us_bucket{interface="gRPC",name="resnet",version="1",le="121439"} 0
ovms_request_time_us_bucket{interface="gRPC",name="resnet",version="1",le="218591"} 0
ovms_request_time_us_bucket{interface="gRPC",name="resnet",version="1",le="393464"} 0
ovms_request_time_us_bucket{interface="gRPC",name="resnet",version="1",le="708235"} 0
ovms_request_time_us_bucket{interface="gRPC",name="resnet",version="1",le="1274823"} 0
ovms_request_time_us_bucket{interface="gRPC",name="resnet",version="1",le="2294682"} 0
ovms_request_time_us_bucket{interface="gRPC",name="resnet",version="1",le="4130428"} 0
ovms_request_time_us_bucket{interface="gRPC",name="resnet",version="1",le="7434771"} 0
ovms_request_time_us_bucket{interface="gRPC",name="resnet",version="1",le="13382588"} 0
ovms_request_time_us_bucket{interface="gRPC",name="resnet",version="1",le="24088659"} 0
ovms_request_time_us_bucket{interface="gRPC",name="resnet",version="1",le="43359586"} 0
ovms_request_time_us_bucket{interface="gRPC",name="resnet",version="1",le="78047255"} 0
ovms_request_time_us_bucket{interface="gRPC",name="resnet",version="1",le="140485060"} 0
ovms_request_time_us_bucket{interface="gRPC",name="resnet",version="1",le="252873108"} 0
ovms_request_time_us_bucket{interface="gRPC",name="resnet",version="1",le="455171596"} 0
ovms_request_time_us_bucket{interface="gRPC",name="resnet",version="1",le="819308872"} 0
ovms_request_time_us_bucket{interface="gRPC",name="resnet",version="1",le="1474755971"} 0
ovms_request_time_us_bucket{interface="gRPC",name="resnet",version="1",le="+Inf"} 0
ovms_request_time_us_count{interface="gRPC",name="vehicle_detection",version="1"} 0
ovms_request_time_us_sum{interface="gRPC",name="vehicle_detection",version="1"} 0
ovms_request_time_us_bucket{interface="gRPC",name="vehicle_detection",version="1",le="10"} 0
ovms_request_time_us_bucket{interface="gRPC",name="vehicle_detection",version="1",le="18"} 0
ovms_request_time_us_bucket{interface="gRPC",name="vehicle_detection",version="1",le="32"} 0
ovms_request_time_us_bucket{interface="gRPC",name="vehicle_detection",version="1",le="58"} 0
ovms_request_time_us_bucket{interface="gRPC",name="vehicle_detection",version="1",le="104"} 0
ovms_request_time_us_bucket{interface="gRPC",name="vehicle_detection",version="1",le="188"} 0
ovms_request_time_us_bucket{interface="gRPC",name="vehicle_detection",version="1",le="340"} 0
ovms_request_time_us_bucket{interface="gRPC",name="vehicle_detection",version="1",le="612"} 0
ovms_request_time_us_bucket{interface="gRPC",name="vehicle_detection",version="1",le="1101"} 0
ovms_request_time_us_bucket{interface="gRPC",name="vehicle_detection",version="1",le="1983"} 0
ovms_request_time_us_bucket{interface="gRPC",name="vehicle_detection",version="1",le="3570"} 0
ovms_request_time_us_bucket{interface="gRPC",name="vehicle_detection",version="1",le="6426"} 0
ovms_request_time_us_bucket{interface="gRPC",name="vehicle_detection",version="1",le="11568"} 0
ovms_request_time_us_bucket{interface="gRPC",name="vehicle_detection",version="1",le="20822"} 0
ovms_request_time_us_bucket{interface="gRPC",name="vehicle_detection",version="1",le="37481"} 0
ovms_request_time_us_bucket{interface="gRPC",name="vehicle_detection",version="1",le="67466"} 0
ovms_request_time_us_bucket{interface="gRPC",name="vehicle_detection",version="1",le="121439"} 0
ovms_request_time_us_bucket{interface="gRPC",name="vehicle_detection",version="1",le="218591"} 0
ovms_request_time_us_bucket{interface="gRPC",name="vehicle_detection",version="1",le="393464"} 0
ovms_request_time_us_bucket{interface="gRPC",name="vehicle_detection",version="1",le="708235"} 0
ovms_request_time_us_bucket{interface="gRPC",name="vehicle_detection",version="1",le="1274823"} 0
ovms_request_time_us_bucket{interface="gRPC",name="vehicle_detection",version="1",le="2294682"} 0
ovms_request_time_us_bucket{interface="gRPC",name="vehicle_detection",version="1",le="4130428"} 0
ovms_request_time_us_bucket{interface="gRPC",name="vehicle_detection",version="1",le="7434771"} 0
ovms_request_time_us_bucket{interface="gRPC",name="vehicle_detection",version="1",le="13382588"} 0
ovms_request_time_us_bucket{interface="gRPC",name="vehicle_detection",version="1",le="24088659"} 0
ovms_request_time_us_bucket{interface="gRPC",name="vehicle_detection",version="1",le="43359586"} 0
ovms_request_time_us_bucket{interface="gRPC",name="vehicle_detection",version="1",le="78047255"} 0
ovms_request_time_us_bucket{interface="gRPC",name="vehicle_detection",version="1",le="140485060"} 0
ovms_request_time_us_bucket{interface="gRPC",name="vehicle_detection",version="1",le="252873108"} 0
ovms_request_time_us_bucket{interface="gRPC",name="vehicle_detection",version="1",le="455171596"} 0
ovms_request_time_us_bucket{interface="gRPC",name="vehicle_detection",version="1",le="819308872"} 0
ovms_request_time_us_bucket{interface="gRPC",name="vehicle_detection",version="1",le="1474755971"} 0
ovms_request_time_us_bucket{interface="gRPC",name="vehicle_detection",version="1",le="+Inf"} 0
# HELP ovms_inference_time_us Inference execution time in the OpenVINO backend.
# TYPE ovms_inference_time_us histogram
ovms_inference_time_us_count{name="resnet",version="1"} 0
ovms_inference_time_us_sum{name="resnet",version="1"} 0
ovms_inference_time_us_bucket{name="resnet",version="1",le="10"} 0
ovms_inference_time_us_bucket{name="resnet",version="1",le="18"} 0
ovms_inference_time_us_bucket{name="resnet",version="1",le="32"} 0
ovms_inference_time_us_bucket{name="resnet",version="1",le="58"} 0
ovms_inference_time_us_bucket{name="resnet",version="1",le="104"} 0
ovms_inference_time_us_bucket{name="resnet",version="1",le="188"} 0
ovms_inference_time_us_bucket{name="resnet",version="1",le="340"} 0
ovms_inference_time_us_bucket{name="resnet",version="1",le="612"} 0
ovms_inference_time_us_bucket{name="resnet",version="1",le="1101"} 0
ovms_inference_time_us_bucket{name="resnet",version="1",le="1983"} 0
ovms_inference_time_us_bucket{name="resnet",version="1",le="3570"} 0
ovms_inference_time_us_bucket{name="resnet",version="1",le="6426"} 0
ovms_inference_time_us_bucket{name="resnet",version="1",le="11568"} 0
ovms_inference_time_us_bucket{name="resnet",version="1",le="20822"} 0
ovms_inference_time_us_bucket{name="resnet",version="1",le="37481"} 0
ovms_inference_time_us_bucket{name="resnet",version="1",le="67466"} 0
ovms_inference_time_us_bucket{name="resnet",version="1",le="121439"} 0
ovms_inference_time_us_bucket{name="resnet",version="1",le="218591"} 0
ovms_inference_time_us_bucket{name="resnet",version="1",le="393464"} 0
ovms_inference_time_us_bucket{name="resnet",version="1",le="708235"} 0
ovms_inference_time_us_bucket{name="resnet",version="1",le="1274823"} 0
ovms_inference_time_us_bucket{name="resnet",version="1",le="2294682"} 0
ovms_inference_time_us_bucket{name="resnet",version="1",le="4130428"} 0
ovms_inference_time_us_bucket{name="resnet",version="1",le="7434771"} 0
ovms_inference_time_us_bucket{name="resnet",version="1",le="13382588"} 0
ovms_inference_time_us_bucket{name="resnet",version="1",le="24088659"} 0
ovms_inference_time_us_bucket{name="resnet",version="1",le="43359586"} 0
ovms_inference_time_us_bucket{name="resnet",version="1",le="78047255"} 0
ovms_inference_time_us_bucket{name="resnet",version="1",le="140485060"} 0
ovms_inference_time_us_bucket{name="resnet",version="1",le="252873108"} 0
ovms_inference_time_us_bucket{name="resnet",version="1",le="455171596"} 0
ovms_inference_time_us_bucket{name="resnet",version="1",le="819308872"} 0
ovms_inference_time_us_bucket{name="resnet",version="1",le="1474755971"} 0
ovms_inference_time_us_bucket{name="resnet",version="1",le="+Inf"} 0
ovms_inference_time_us_count{name="dummy",version="1"} 0
ovms_inference_time_us_sum{name="dummy",version="1"} 0
ovms_inference_time_us_bucket{name="dummy",version="1",le="10"} 0
ovms_inference_time_us_bucket{name="dummy",version="1",le="18"} 0
ovms_inference_time_us_bucket{name="dummy",version="1",le="32"} 0
ovms_inference_time_us_bucket{name="dummy",version="1",le="58"} 0
ovms_inference_time_us_bucket{name="dummy",version="1",le="104"} 0
ovms_inference_time_us_bucket{name="dummy",version="1",le="188"} 0
ovms_inference_time_us_bucket{name="dummy",version="1",le="340"} 0
ovms_inference_time_us_bucket{name="dummy",version="1",le="612"} 0
ovms_inference_time_us_bucket{name="dummy",version="1",le="1101"} 0
ovms_inference_time_us_bucket{name="dummy",version="1",le="1983"} 0
ovms_inference_time_us_bucket{name="dummy",version="1",le="3570"} 0
ovms_inference_time_us_bucket{name="dummy",version="1",le="6426"} 0
ovms_inference_time_us_bucket{name="dummy",version="1",le="11568"} 0
ovms_inference_time_us_bucket{name="dummy",version="1",le="20822"} 0
ovms_inference_time_us_bucket{name="dummy",version="1",le="37481"} 0
ovms_inference_time_us_bucket{name="dummy",version="1",le="67466"} 0
ovms_inference_time_us_bucket{name="dummy",version="1",le="121439"} 0
ovms_inference_time_us_bucket{name="dummy",version="1",le="218591"} 0
ovms_inference_time_us_bucket{name="dummy",version="1",le="393464"} 0
ovms_inference_time_us_bucket{name="dummy",version="1",le="708235"} 0
ovms_inference_time_us_bucket{name="dummy",version="1",le="1274823"} 0
ovms_inference_time_us_bucket{name="dummy",version="1",le="2294682"} 0
ovms_inference_time_us_bucket{name="dummy",version="1",le="4130428"} 0
ovms_inference_time_us_bucket{name="dummy",version="1",le="7434771"} 0
ovms_inference_time_us_bucket{name="dummy",version="1",le="13382588"} 0
ovms_inference_time_us_bucket{name="dummy",version="1",le="24088659"} 0
ovms_inference_time_us_bucket{name="dummy",version="1",le="43359586"} 0
ovms_inference_time_us_bucket{name="dummy",version="1",le="78047255"} 0
ovms_inference_time_us_bucket{name="dummy",version="1",le="140485060"} 0
ovms_inference_time_us_bucket{name="dummy",version="1",le="252873108"} 0
ovms_inference_time_us_bucket{name="dummy",version="1",le="455171596"} 0
ovms_inference_time_us_bucket{name="dummy",version="1",le="819308872"} 0
ovms_inference_time_us_bucket{name="dummy",version="1",le="1474755971"} 0
ovms_inference_time_us_bucket{name="dummy",version="1",le="+Inf"} 0
ovms_inference_time_us_count{name="vehicle_attributes_recognition",version="1"} 148
ovms_inference_time_us_sum{name="vehicle_attributes_recognition",version="1"} 873171
ovms_inference_time_us_bucket{name="vehicle_attributes_recognition",version="1",le="10"} 0
ovms_inference_time_us_bucket{name="vehicle_attributes_recognition",version="1",le="18"} 0
ovms_inference_time_us_bucket{name="vehicle_attributes_recognition",version="1",le="32"} 0
ovms_inference_time_us_bucket{name="vehicle_attributes_recognition",version="1",le="58"} 0
ovms_inference_time_us_bucket{name="vehicle_attributes_recognition",version="1",le="104"} 0
ovms_inference_time_us_bucket{name="vehicle_attributes_recognition",version="1",le="188"} 0
ovms_inference_time_us_bucket{name="vehicle_attributes_recognition",version="1",le="340"} 0
ovms_inference_time_us_bucket{name="vehicle_attributes_recognition",version="1",le="612"} 0
ovms_inference_time_us_bucket{name="vehicle_attributes_recognition",version="1",le="1101"} 0
ovms_inference_time_us_bucket{name="vehicle_attributes_recognition",version="1",le="1983"} 0
ovms_inference_time_us_bucket{name="vehicle_attributes_recognition",version="1",le="3570"} 0
ovms_inference_time_us_bucket{name="vehicle_attributes_recognition",version="1",le="6426"} 136
ovms_inference_time_us_bucket{name="vehicle_attributes_recognition",version="1",le="11568"} 148
ovms_inference_time_us_bucket{name="vehicle_attributes_recognition",version="1",le="20822"} 148
ovms_inference_time_us_bucket{name="vehicle_attributes_recognition",version="1",le="37481"} 148
ovms_inference_time_us_bucket{name="vehicle_attributes_recognition",version="1",le="67466"} 148
ovms_inference_time_us_bucket{name="vehicle_attributes_recognition",version="1",le="121439"} 148
ovms_inference_time_us_bucket{name="vehicle_attributes_recognition",version="1",le="218591"} 148
ovms_inference_time_us_bucket{name="vehicle_attributes_recognition",version="1",le="393464"} 148
ovms_inference_time_us_bucket{name="vehicle_attributes_recognition",version="1",le="708235"} 148
ovms_inference_time_us_bucket{name="vehicle_attributes_recognition",version="1",le="1274823"} 148
ovms_inference_time_us_bucket{name="vehicle_attributes_recognition",version="1",le="2294682"} 148
ovms_inference_time_us_bucket{name="vehicle_attributes_recognition",version="1",le="4130428"} 148
ovms_inference_time_us_bucket{name="vehicle_attributes_recognition",version="1",le="7434771"} 148
ovms_inference_time_us_bucket{name="vehicle_attributes_recognition",version="1",le="13382588"} 148
ovms_inference_time_us_bucket{name="vehicle_attributes_recognition",version="1",le="24088659"} 148
ovms_inference_time_us_bucket{name="vehicle_attributes_recognition",version="1",le="43359586"} 148
ovms_inference_time_us_bucket{name="vehicle_attributes_recognition",version="1",le="78047255"} 148
ovms_inference_time_us_bucket{name="vehicle_attributes_recognition",version="1",le="140485060"} 148
ovms_inference_time_us_bucket{name="vehicle_attributes_recognition",version="1",le="252873108"} 148
ovms_inference_time_us_bucket{name="vehicle_attributes_recognition",version="1",le="455171596"} 148
ovms_inference_time_us_bucket{name="vehicle_attributes_recognition",version="1",le="819308872"} 148
ovms_inference_time_us_bucket{name="vehicle_attributes_recognition",version="1",le="1474755971"} 148
ovms_inference_time_us_bucket{name="vehicle_attributes_recognition",version="1",le="+Inf"} 148
ovms_inference_time_us_count{name="vehicle_detection",version="1"} 4
ovms_inference_time_us_sum{name="vehicle_detection",version="1"} 115195
ovms_inference_time_us_bucket{name="vehicle_detection",version="1",le="10"} 0
ovms_inference_time_us_bucket{name="vehicle_detection",version="1",le="18"} 0
ovms_inference_time_us_bucket{name="vehicle_detection",version="1",le="32"} 0
ovms_inference_time_us_bucket{name="vehicle_detection",version="1",le="58"} 0
ovms_inference_time_us_bucket{name="vehicle_detection",version="1",le="104"} 0
ovms_inference_time_us_bucket{name="vehicle_detection",version="1",le="188"} 0
ovms_inference_time_us_bucket{name="vehicle_detection",version="1",le="340"} 0
ovms_inference_time_us_bucket{name="vehicle_detection",version="1",le="612"} 0
ovms_inference_time_us_bucket{name="vehicle_detection",version="1",le="1101"} 0
ovms_inference_time_us_bucket{name="vehicle_detection",version="1",le="1983"} 0
ovms_inference_time_us_bucket{name="vehicle_detection",version="1",le="3570"} 0
ovms_inference_time_us_bucket{name="vehicle_detection",version="1",le="6426"} 0
ovms_inference_time_us_bucket{name="vehicle_detection",version="1",le="11568"} 0
ovms_inference_time_us_bucket{name="vehicle_detection",version="1",le="20822"} 0
ovms_inference_time_us_bucket{name="vehicle_detection",version="1",le="37481"} 4
ovms_inference_time_us_bucket{name="vehicle_detection",version="1",le="67466"} 4
ovms_inference_time_us_bucket{name="vehicle_detection",version="1",le="121439"} 4
ovms_inference_time_us_bucket{name="vehicle_detection",version="1",le="218591"} 4
ovms_inference_time_us_bucket{name="vehicle_detection",version="1",le="393464"} 4
ovms_inference_time_us_bucket{name="vehicle_detection",version="1",le="708235"} 4
ovms_inference_time_us_bucket{name="vehicle_detection",version="1",le="1274823"} 4
ovms_inference_time_us_bucket{name="vehicle_detection",version="1",le="2294682"} 4
ovms_inference_time_us_bucket{name="vehicle_detection",version="1",le="4130428"} 4
ovms_inference_time_us_bucket{name="vehicle_detection",version="1",le="7434771"} 4
ovms_inference_time_us_bucket{name="vehicle_detection",version="1",le="13382588"} 4
ovms_inference_time_us_bucket{name="vehicle_detection",version="1",le="24088659"} 4
ovms_inference_time_us_bucket{name="vehicle_detection",version="1",le="43359586"} 4
ovms_inference_time_us_bucket{name="vehicle_detection",version="1",le="78047255"} 4
ovms_inference_time_us_bucket{name="vehicle_detection",version="1",le="140485060"} 4
ovms_inference_time_us_bucket{name="vehicle_detection",version="1",le="252873108"} 4
ovms_inference_time_us_bucket{name="vehicle_detection",version="1",le="455171596"} 4
ovms_inference_time_us_bucket{name="vehicle_detection",version="1",le="819308872"} 4
ovms_inference_time_us_bucket{name="vehicle_detection",version="1",le="1474755971"} 4
ovms_inference_time_us_bucket{name="vehicle_detection",version="1",le="+Inf"} 4
# HELP ovms_wait_for_infer_req_time_us Request waiting time in the scheduling queue.
# TYPE ovms_wait_for_infer_req_time_us histogram
ovms_wait_for_infer_req_time_us_count{name="resnet",version="1"} 0
ovms_wait_for_infer_req_time_us_sum{name="resnet",version="1"} 0
ovms_wait_for_infer_req_time_us_bucket{name="resnet",version="1",le="10"} 0
ovms_wait_for_infer_req_time_us_bucket{name="resnet",version="1",le="18"} 0
ovms_wait_for_infer_req_time_us_bucket{name="resnet",version="1",le="32"} 0
ovms_wait_for_infer_req_time_us_bucket{name="resnet",version="1",le="58"} 0
ovms_wait_for_infer_req_time_us_bucket{name="resnet",version="1",le="104"} 0
ovms_wait_for_infer_req_time_us_bucket{name="resnet",version="1",le="188"} 0
ovms_wait_for_infer_req_time_us_bucket{name="resnet",version="1",le="340"} 0
ovms_wait_for_infer_req_time_us_bucket{name="resnet",version="1",le="612"} 0
ovms_wait_for_infer_req_time_us_bucket{name="resnet",version="1",le="1101"} 0
ovms_wait_for_infer_req_time_us_bucket{name="resnet",version="1",le="1983"} 0
ovms_wait_for_infer_req_time_us_bucket{name="resnet",version="1",le="3570"} 0
ovms_wait_for_infer_req_time_us_bucket{name="resnet",version="1",le="6426"} 0
ovms_wait_for_infer_req_time_us_bucket{name="resnet",version="1",le="11568"} 0
ovms_wait_for_infer_req_time_us_bucket{name="resnet",version="1",le="20822"} 0
ovms_wait_for_infer_req_time_us_bucket{name="resnet",version="1",le="37481"} 0
ovms_wait_for_infer_req_time_us_bucket{name="resnet",version="1",le="67466"} 0
ovms_wait_for_infer_req_time_us_bucket{name="resnet",version="1",le="121439"} 0
ovms_wait_for_infer_req_time_us_bucket{name="resnet",version="1",le="218591"} 0
ovms_wait_for_infer_req_time_us_bucket{name="resnet",version="1",le="393464"} 0
ovms_wait_for_infer_req_time_us_bucket{name="resnet",version="1",le="708235"} 0
ovms_wait_for_infer_req_time_us_bucket{name="resnet",version="1",le="1274823"} 0
ovms_wait_for_infer_req_time_us_bucket{name="resnet",version="1",le="2294682"} 0
ovms_wait_for_infer_req_time_us_bucket{name="resnet",version="1",le="4130428"} 0
ovms_wait_for_infer_req_time_us_bucket{name="resnet",version="1",le="7434771"} 0
ovms_wait_for_infer_req_time_us_bucket{name="resnet",version="1",le="13382588"} 0
ovms_wait_for_infer_req_time_us_bucket{name="resnet",version="1",le="24088659"} 0
ovms_wait_for_infer_req_time_us_bucket{name="resnet",version="1",le="43359586"} 0
ovms_wait_for_infer_req_time_us_bucket{name="resnet",version="1",le="78047255"} 0
ovms_wait_for_infer_req_time_us_bucket{name="resnet",version="1",le="140485060"} 0
ovms_wait_for_infer_req_time_us_bucket{name="resnet",version="1",le="252873108"} 0
ovms_wait_for_infer_req_time_us_bucket{name="resnet",version="1",le="455171596"} 0
ovms_wait_for_infer_req_time_us_bucket{name="resnet",version="1",le="819308872"} 0
ovms_wait_for_infer_req_time_us_bucket{name="resnet",version="1",le="1474755971"} 0
ovms_wait_for_infer_req_time_us_bucket{name="resnet",version="1",le="+Inf"} 0
ovms_wait_for_infer_req_time_us_count{name="dummy",version="1"} 0
ovms_wait_for_infer_req_time_us_sum{name="dummy",version="1"} 0
ovms_wait_for_infer_req_time_us_bucket{name="dummy",version="1",le="10"} 0
ovms_wait_for_infer_req_time_us_bucket{name="dummy",version="1",le="18"} 0
ovms_wait_for_infer_req_time_us_bucket{name="dummy",version="1",le="32"} 0
ovms_wait_for_infer_req_time_us_bucket{name="dummy",version="1",le="58"} 0
ovms_wait_for_infer_req_time_us_bucket{name="dummy",version="1",le="104"} 0
ovms_wait_for_infer_req_time_us_bucket{name="dummy",version="1",le="188"} 0
ovms_wait_for_infer_req_time_us_bucket{name="dummy",version="1",le="340"} 0
ovms_wait_for_infer_req_time_us_bucket{name="dummy",version="1",le="612"} 0
ovms_wait_for_infer_req_time_us_bucket{name="dummy",version="1",le="1101"} 0
ovms_wait_for_infer_req_time_us_bucket{name="dummy",version="1",le="1983"} 0
ovms_wait_for_infer_req_time_us_bucket{name="dummy",version="1",le="3570"} 0
ovms_wait_for_infer_req_time_us_bucket{name="dummy",version="1",le="6426"} 0
ovms_wait_for_infer_req_time_us_bucket{name="dummy",version="1",le="11568"} 0
ovms_wait_for_infer_req_time_us_bucket{name="dummy",version="1",le="20822"} 0
ovms_wait_for_infer_req_time_us_bucket{name="dummy",version="1",le="37481"} 0
ovms_wait_for_infer_req_time_us_bucket{name="dummy",version="1",le="67466"} 0
ovms_wait_for_infer_req_time_us_bucket{name="dummy",version="1",le="121439"} 0
ovms_wait_for_infer_req_time_us_bucket{name="dummy",version="1",le="218591"} 0
ovms_wait_for_infer_req_time_us_bucket{name="dummy",version="1",le="393464"} 0
ovms_wait_for_infer_req_time_us_bucket{name="dummy",version="1",le="708235"} 0
ovms_wait_for_infer_req_time_us_bucket{name="dummy",version="1",le="1274823"} 0
ovms_wait_for_infer_req_time_us_bucket{name="dummy",version="1",le="2294682"} 0
ovms_wait_for_infer_req_time_us_bucket{name="dummy",version="1",le="4130428"} 0
ovms_wait_for_infer_req_time_us_bucket{name="dummy",version="1",le="7434771"} 0
ovms_wait_for_infer_req_time_us_bucket{name="dummy",version="1",le="13382588"} 0
ovms_wait_for_infer_req_time_us_bucket{name="dummy",version="1",le="24088659"} 0
ovms_wait_for_infer_req_time_us_bucket{name="dummy",version="1",le="43359586"} 0
ovms_wait_for_infer_req_time_us_bucket{name="dummy",version="1",le="78047255"} 0
ovms_wait_for_infer_req_time_us_bucket{name="dummy",version="1",le="140485060"} 0
ovms_wait_for_infer_req_time_us_bucket{name="dummy",version="1",le="252873108"} 0
ovms_wait_for_infer_req_time_us_bucket{name="dummy",version="1",le="455171596"} 0
ovms_wait_for_infer_req_time_us_bucket{name="dummy",version="1",le="819308872"} 0
ovms_wait_for_infer_req_time_us_bucket{name="dummy",version="1",le="1474755971"} 0
ovms_wait_for_infer_req_time_us_bucket{name="dummy",version="1",le="+Inf"} 0
ovms_wait_for_infer_req_time_us_count{name="vehicle_attributes_recognition",version="1"} 148
ovms_wait_for_infer_req_time_us_sum{name="vehicle_attributes_recognition",version="1"} 3589944
ovms_wait_for_infer_req_time_us_bucket{name="vehicle_attributes_recognition",version="1",le="10"} 16
ovms_wait_for_infer_req_time_us_bucket{name="vehicle_attributes_recognition",version="1",le="18"} 16
ovms_wait_for_infer_req_time_us_bucket{name="vehicle_attributes_recognition",version="1",le="32"} 16
ovms_wait_for_infer_req_time_us_bucket{name="vehicle_attributes_recognition",version="1",le="58"} 16
ovms_wait_for_infer_req_time_us_bucket{name="vehicle_attributes_recognition",version="1",le="104"} 16
ovms_wait_for_infer_req_time_us_bucket{name="vehicle_attributes_recognition",version="1",le="188"} 16
ovms_wait_for_infer_req_time_us_bucket{name="vehicle_attributes_recognition",version="1",le="340"} 16
ovms_wait_for_infer_req_time_us_bucket{name="vehicle_attributes_recognition",version="1",le="612"} 16
ovms_wait_for_infer_req_time_us_bucket{name="vehicle_attributes_recognition",version="1",le="1101"} 16
ovms_wait_for_infer_req_time_us_bucket{name="vehicle_attributes_recognition",version="1",le="1983"} 16
ovms_wait_for_infer_req_time_us_bucket{name="vehicle_attributes_recognition",version="1",le="3570"} 16
ovms_wait_for_infer_req_time_us_bucket{name="vehicle_attributes_recognition",version="1",le="6426"} 25
ovms_wait_for_infer_req_time_us_bucket{name="vehicle_attributes_recognition",version="1",le="11568"} 35
ovms_wait_for_infer_req_time_us_bucket{name="vehicle_attributes_recognition",version="1",le="20822"} 62
ovms_wait_for_infer_req_time_us_bucket{name="vehicle_attributes_recognition",version="1",le="37481"} 110
ovms_wait_for_infer_req_time_us_bucket{name="vehicle_attributes_recognition",version="1",le="67466"} 148
ovms_wait_for_infer_req_time_us_bucket{name="vehicle_attributes_recognition",version="1",le="121439"} 148
ovms_wait_for_infer_req_time_us_bucket{name="vehicle_attributes_recognition",version="1",le="218591"} 148
ovms_wait_for_infer_req_time_us_bucket{name="vehicle_attributes_recognition",version="1",le="393464"} 148
ovms_wait_for_infer_req_time_us_bucket{name="vehicle_attributes_recognition",version="1",le="708235"} 148
ovms_wait_for_infer_req_time_us_bucket{name="vehicle_attributes_recognition",version="1",le="1274823"} 148
ovms_wait_for_infer_req_time_us_bucket{name="vehicle_attributes_recognition",version="1",le="2294682"} 148
ovms_wait_for_infer_req_time_us_bucket{name="vehicle_attributes_recognition",version="1",le="4130428"} 148
ovms_wait_for_infer_req_time_us_bucket{name="vehicle_attributes_recognition",version="1",le="7434771"} 148
ovms_wait_for_infer_req_time_us_bucket{name="vehicle_attributes_recognition",version="1",le="13382588"} 148
ovms_wait_for_infer_req_time_us_bucket{name="vehicle_attributes_recognition",version="1",le="24088659"} 148
ovms_wait_for_infer_req_time_us_bucket{name="vehicle_attributes_recognition",version="1",le="43359586"} 148
ovms_wait_for_infer_req_time_us_bucket{name="vehicle_attributes_recognition",version="1",le="78047255"} 148
ovms_wait_for_infer_req_time_us_bucket{name="vehicle_attributes_recognition",version="1",le="140485060"} 148
ovms_wait_for_infer_req_time_us_bucket{name="vehicle_attributes_recognition",version="1",le="252873108"} 148
ovms_wait_for_infer_req_time_us_bucket{name="vehicle_attributes_recognition",version="1",le="455171596"} 148
ovms_wait_for_infer_req_time_us_bucket{name="vehicle_attributes_recognition",version="1",le="819308872"} 148
ovms_wait_for_infer_req_time_us_bucket{name="vehicle_attributes_recognition",version="1",le="1474755971"} 148
ovms_wait_for_infer_req_time_us_bucket{name="vehicle_attributes_recognition",version="1",le="+Inf"} 148
ovms_wait_for_infer_req_time_us_count{name="vehicle_detection",version="1"} 4
ovms_wait_for_infer_req_time_us_sum{name="vehicle_detection",version="1"} 33
ovms_wait_for_infer_req_time_us_bucket{name="vehicle_detection",version="1",le="10"} 4
ovms_wait_for_infer_req_time_us_bucket{name="vehicle_detection",version="1",le="18"} 4
ovms_wait_for_infer_req_time_us_bucket{name="vehicle_detection",version="1",le="32"} 4
ovms_wait_for_infer_req_time_us_bucket{name="vehicle_detection",version="1",le="58"} 4
ovms_wait_for_infer_req_time_us_bucket{name="vehicle_detection",version="1",le="104"} 4
ovms_wait_for_infer_req_time_us_bucket{name="vehicle_detection",version="1",le="188"} 4
ovms_wait_for_infer_req_time_us_bucket{name="vehicle_detection",version="1",le="340"} 4
ovms_wait_for_infer_req_time_us_bucket{name="vehicle_detection",version="1",le="612"} 4
ovms_wait_for_infer_req_time_us_bucket{name="vehicle_detection",version="1",le="1101"} 4
ovms_wait_for_infer_req_time_us_bucket{name="vehicle_detection",version="1",le="1983"} 4
ovms_wait_for_infer_req_time_us_bucket{name="vehicle_detection",version="1",le="3570"} 4
ovms_wait_for_infer_req_time_us_bucket{name="vehicle_detection",version="1",le="6426"} 4
ovms_wait_for_infer_req_time_us_bucket{name="vehicle_detection",version="1",le="11568"} 4
ovms_wait_for_infer_req_time_us_bucket{name="vehicle_detection",version="1",le="20822"} 4
ovms_wait_for_infer_req_time_us_bucket{name="vehicle_detection",version="1",le="37481"} 4
ovms_wait_for_infer_req_time_us_bucket{name="vehicle_detection",version="1",le="67466"} 4
ovms_wait_for_infer_req_time_us_bucket{name="vehicle_detection",version="1",le="121439"} 4
ovms_wait_for_infer_req_time_us_bucket{name="vehicle_detection",version="1",le="218591"} 4
ovms_wait_for_infer_req_time_us_bucket{name="vehicle_detection",version="1",le="393464"} 4
ovms_wait_for_infer_req_time_us_bucket{name="vehicle_detection",version="1",le="708235"} 4
ovms_wait_for_infer_req_time_us_bucket{name="vehicle_detection",version="1",le="1274823"} 4
ovms_wait_for_infer_req_time_us_bucket{name="vehicle_detection",version="1",le="2294682"} 4
ovms_wait_for_infer_req_time_us_bucket{name="vehicle_detection",version="1",le="4130428"} 4
ovms_wait_for_infer_req_time_us_bucket{name="vehicle_detection",version="1",le="7434771"} 4
ovms_wait_for_infer_req_time_us_bucket{name="vehicle_detection",version="1",le="13382588"} 4
ovms_wait_for_infer_req_time_us_bucket{name="vehicle_detection",version="1",le="24088659"} 4
ovms_wait_for_infer_req_time_us_bucket{name="vehicle_detection",version="1",le="43359586"} 4
ovms_wait_for_infer_req_time_us_bucket{name="vehicle_detection",version="1",le="78047255"} 4
ovms_wait_for_infer_req_time_us_bucket{name="vehicle_detection",version="1",le="140485060"} 4
ovms_wait_for_infer_req_time_us_bucket{name="vehicle_detection",version="1",le="252873108"} 4
ovms_wait_for_infer_req_time_us_bucket{name="vehicle_detection",version="1",le="455171596"} 4
ovms_wait_for_infer_req_time_us_bucket{name="vehicle_detection",version="1",le="819308872"} 4
ovms_wait_for_infer_req_time_us_bucket{name="vehicle_detection",version="1",le="1474755971"} 4
ovms_wait_for_infer_req_time_us_bucket{name="vehicle_detection",version="1",le="+Inf"} 4